[0.022s] Invoking command in '/home/user/ros2_ws/src/build/robot_patrol': CMAKE_PREFIX_PATH=${CMAKE_PREFIX_PATH}:/opt/ros/foxy _=/usr/bin/env /usr/bin/cmake /home/user/ros2_ws/src/robot_patrol -DCMAKE_INSTALL_PREFIX=/home/user/ros2_ws/src/install/robot_patrol
[3.867s] -- The C compiler identification is GNU 9.3.0
[4.037s] -- The CXX compiler identification is GNU 9.3.0
[4.112s] -- Check for working C compiler: /usr/bin/cc
[4.282s] -- Check for working C compiler: /usr/bin/cc -- works
[4.285s] -- Detecting C compiler ABI info
[4.452s] -- Detecting C compiler ABI info - done
[4.468s] -- Detecting C compile features
[4.552s] -- Detecting C compile features - done
[4.558s] -- Check for working CXX compiler: /usr/bin/c++
[4.720s] -- Check for working CXX compiler: /usr/bin/c++ -- works
[4.723s] -- Detecting CXX compiler ABI info
[4.911s] -- Detecting CXX compiler ABI info - done
[4.931s] -- Detecting CXX compile features
[4.932s] -- Detecting CXX compile features - done
[4.953s] -- Found ament_cmake: 0.9.9 (/opt/ros/foxy/share/ament_cmake/cmake)
[5.105s] -- Found PythonInterp: /usr/bin/python3 (found suitable version "3.8.10", minimum required is "3") 
[5.106s] -- Using PYTHON_EXECUTABLE: /usr/bin/python3
[5.821s] -- Found rclcpp: 2.4.0 (/opt/ros/foxy/share/rclcpp/cmake)
[6.067s] -- Using all available rosidl_typesupport_c: rosidl_typesupport_fastrtps_c;rosidl_typesupport_introspection_c
[6.101s] -- Found rosidl_adapter: 1.2.1 (/opt/ros/foxy/share/rosidl_adapter/cmake)
[6.939s] -- Found OpenSSL: /usr/lib/x86_64-linux-gnu/libcrypto.so (found version "1.1.1f")  
[7.066s] -- Found FastRTPS: /opt/ros/foxy/include  
[7.371s] -- Using all available rosidl_typesupport_cpp: rosidl_typesupport_fastrtps_cpp;rosidl_typesupport_introspection_cpp
[7.696s] -- Found rmw_implementation_cmake: 1.0.3 (/opt/ros/foxy/share/rmw_implementation_cmake/cmake)
[7.705s] -- Using RMW implementation 'rmw_fastrtps_cpp' as default
[7.709s] -- Looking for pthread.h
[7.884s] -- Looking for pthread.h - found
[7.884s] -- Performing Test CMAKE_HAVE_LIBC_PTHREAD
[8.049s] -- Performing Test CMAKE_HAVE_LIBC_PTHREAD - Failed
[8.049s] -- Looking for pthread_create in pthreads
[8.188s] -- Looking for pthread_create in pthreads - not found
[8.188s] -- Looking for pthread_create in pthread
[8.353s] -- Looking for pthread_create in pthread - found
[8.355s] -- Found Threads: TRUE  
[8.897s] -- Found sensor_msgs: 2.0.4 (/opt/ros/foxy/share/sensor_msgs/cmake)
[9.191s] -- Found ament_lint_auto: 0.9.6 (/opt/ros/foxy/share/ament_lint_auto/cmake)
[9.430s] -- Added test 'copyright' to check source files copyright and LICENSE
[9.432s] -- Added test 'cppcheck' to perform static code analysis on C / C++ code
[9.432s] -- Configured cppcheck include dirs: 
[9.432s] -- Configured cppcheck exclude dirs and/or files: 
[9.434s] -- Added test 'cpplint' to check C / C++ code against the Google style
[9.434s] -- Configured cpplint exclude dirs and/or files: 
[9.436s] -- Added test 'flake8' to check Python code syntax and style conventions
[9.437s] -- Added test 'lint_cmake' to check CMake code style
[9.446s] -- Added test 'pep257' to check Python code against some of the style conventions in PEP 257
[9.450s] -- Added test 'uncrustify' to check C / C++ code style
[9.451s] -- Configured uncrustify additional arguments: 
[9.453s] -- Added test 'xmllint' to check XML markup files
[9.470s] -- Configuring done
[9.489s] -- Generating done
[9.492s] -- Build files have been written to: /home/user/ros2_ws/src/build/robot_patrol
[9.505s] Invoked command in '/home/user/ros2_ws/src/build/robot_patrol' returned '0': CMAKE_PREFIX_PATH=${CMAKE_PREFIX_PATH}:/opt/ros/foxy _=/usr/bin/env /usr/bin/cmake /home/user/ros2_ws/src/robot_patrol -DCMAKE_INSTALL_PREFIX=/home/user/ros2_ws/src/install/robot_patrol
[9.509s] Invoking command in '/home/user/ros2_ws/src/build/robot_patrol': CMAKE_PREFIX_PATH=${CMAKE_PREFIX_PATH}:/opt/ros/foxy _=/usr/bin/env /usr/bin/cmake --build /home/user/ros2_ws/src/build/robot_patrol -- -j8 -l8
[9.602s] [35m[1mScanning dependencies of target patrol_node[0m
[9.680s] [ 50%] [32mBuilding CXX object CMakeFiles/patrol_node.dir/src/patrol.cpp.o[0m
[18.412s] [100%] [32m[1mLinking CXX executable patrol_node[0m
[18.835s] [100%] Built target patrol_node
[18.857s] Invoked command in '/home/user/ros2_ws/src/build/robot_patrol' returned '0': CMAKE_PREFIX_PATH=${CMAKE_PREFIX_PATH}:/opt/ros/foxy _=/usr/bin/env /usr/bin/cmake --build /home/user/ros2_ws/src/build/robot_patrol -- -j8 -l8
[19.026s] Invoking command in '/home/user/ros2_ws/src/build/robot_patrol': CMAKE_PREFIX_PATH=${CMAKE_PREFIX_PATH}:/opt/ros/foxy _=/usr/bin/env /usr/bin/cmake --install /home/user/ros2_ws/src/build/robot_patrol
[19.046s] -- Install configuration: ""
[19.047s] -- Installing: /home/user/ros2_ws/src/install/robot_patrol/lib/robot_patrol/patrol_node
[19.054s] -- Set runtime path of "/home/user/ros2_ws/src/install/robot_patrol/lib/robot_patrol/patrol_node" to ""
[19.055s] -- Installing: /home/user/ros2_ws/src/install/robot_patrol/share/robot_patrol//launch
[19.055s] -- Installing: /home/user/ros2_ws/src/install/robot_patrol/share/robot_patrol//launch/start_patrolling.launch.py
[19.056s] -- Installing: /home/user/ros2_ws/src/install/robot_patrol/share/ament_index/resource_index/package_run_dependencies/robot_patrol
[19.057s] -- Installing: /home/user/ros2_ws/src/install/robot_patrol/share/ament_index/resource_index/parent_prefix_path/robot_patrol
[19.058s] -- Installing: /home/user/ros2_ws/src/install/robot_patrol/share/robot_patrol/environment/ament_prefix_path.sh
[19.058s] -- Installing: /home/user/ros2_ws/src/install/robot_patrol/share/robot_patrol/environment/ament_prefix_path.dsv
[19.058s] -- Installing: /home/user/ros2_ws/src/install/robot_patrol/share/robot_patrol/environment/path.sh
[19.059s] -- Installing: /home/user/ros2_ws/src/install/robot_patrol/share/robot_patrol/environment/path.dsv
[19.059s] -- Installing: /home/user/ros2_ws/src/install/robot_patrol/share/robot_patrol/local_setup.bash
[19.059s] -- Installing: /home/user/ros2_ws/src/install/robot_patrol/share/robot_patrol/local_setup.sh
[19.060s] -- Installing: /home/user/ros2_ws/src/install/robot_patrol/share/robot_patrol/local_setup.zsh
[19.060s] -- Installing: /home/user/ros2_ws/src/install/robot_patrol/share/robot_patrol/local_setup.dsv
[19.060s] -- Installing: /home/user/ros2_ws/src/install/robot_patrol/share/robot_patrol/package.dsv
[19.061s] -- Installing: /home/user/ros2_ws/src/install/robot_patrol/share/ament_index/resource_index/packages/robot_patrol
[19.061s] -- Installing: /home/user/ros2_ws/src/install/robot_patrol/share/robot_patrol/cmake/robot_patrolConfig.cmake
[19.061s] -- Installing: /home/user/ros2_ws/src/install/robot_patrol/share/robot_patrol/cmake/robot_patrolConfig-version.cmake
[19.061s] -- Installing: /home/user/ros2_ws/src/install/robot_patrol/share/robot_patrol/package.xml
[19.065s] Invoked command in '/home/user/ros2_ws/src/build/robot_patrol' returned '0': CMAKE_PREFIX_PATH=${CMAKE_PREFIX_PATH}:/opt/ros/foxy _=/usr/bin/env /usr/bin/cmake --install /home/user/ros2_ws/src/build/robot_patrol
